2026-03-10T08:29:54.4728775+00:00 [Information] WebBridge.Utility, Version=1.0.0.0, Culture=neutral, PublicKeyToken=null (2000): Utility started. ListenUrl=http://127.0.0.1:38741, DebugMode=True, LogFilePath=C:\_GIT_\kompas3d-utility\out\e2e\20260310-112954\logs\utility.log, ConfigPath=C:\_GIT_\kompas3d-utility\out\e2e\20260310-112954\runtime\config.runtime.json.
2026-03-10T08:29:54.4780397+00:00 [Debug] Microsoft.Extensions.Hosting.Internal.Host (1): Hosting starting
2026-03-10T08:29:54.5063998+00:00 [Information] WebBridge.Utility.UtilityBackgroundService (2301): Utility background service starting.
2026-03-10T08:29:54.5114456+00:00 [Information] WebBridge.Utility.Core.ManifestService (1301): Manifest service initialized without remote URL. Source=none.
2026-03-10T08:29:54.5119087+00:00 [Information] WebBridge.Utility.UtilityBackgroundService (2302): Manifest initialized. Waiting for UI session.
2026-03-10T08:29:54.5286240+00:00 [Information] Microsoft.Hosting.Lifetime (14): Now listening on: http://127.0.0.1:38741
2026-03-10T08:29:54.5290050+00:00 [Debug] Microsoft.AspNetCore.Hosting.Diagnostics (13): Loaded hosting startup assembly WebBridge.Utility, Version=1.0.0.0, Culture=neutral, PublicKeyToken=null
2026-03-10T08:29:54.5293372+00:00 [Information] Microsoft.Hosting.Lifetime: Application started. Press Ctrl+C to shut down.
2026-03-10T08:29:54.5296504+00:00 [Information] Microsoft.Hosting.Lifetime: Hosting environment: PagesE2E
2026-03-10T08:29:54.5298454+00:00 [Information] Microsoft.Hosting.Lifetime: Content root path: C:\_GIT_\web-bridge-utility\artifacts\publish\utility\win-x64\
2026-03-10T08:29:54.5300225+00:00 [Debug] Microsoft.Extensions.Hosting.Internal.Host (2): Hosting started
2026-03-10T08:29:55.2409020+00:00 [Debug] Microsoft.AspNetCore.Server.Kestrel.Connections (39): Connection id "0HNJUFSQJSEP5" accepted.
2026-03-10T08:29:55.2416279+00:00 [Debug] Microsoft.AspNetCore.Server.Kestrel.Connections (1): Connection id "0HNJUFSQJSEP5" started.
2026-03-10T08:29:55.2645667+00:00 [Information] Microsoft.AspNetCore.Hosting.Diagnostics (1): Request starting HTTP/1.1 GET http://127.0.0.1:38741/health - - -
2026-03-10T08:29:55.2655405+00:00 [Debug] Microsoft.AspNetCore.HostFiltering.HostFilteringMiddleware: Wildcard detected, all requests with hosts will be allowed.
2026-03-10T08:29:55.3454383+00:00 [Debug] Microsoft.AspNetCore.Routing.Matching.DfaMatcher (1001): 1 candidate(s) found for the request path '/health'
2026-03-10T08:29:55.3461232+00:00 [Debug] Microsoft.AspNetCore.Routing.EndpointRoutingMiddleware (1): Request matched endpoint 'HTTP: GET /health'
2026-03-10T08:29:55.3488532+00:00 [Information] Microsoft.AspNetCore.Routing.EndpointMiddleware: Executing endpoint 'HTTP: GET /health'
2026-03-10T08:29:55.3602960+00:00 [Information] Microsoft.AspNetCore.Http.Result.JsonResult (3): Writing value of type 'ApiEnvelope`1' as Json.
2026-03-10T08:29:55.3675265+00:00 [Information] Microsoft.AspNetCore.Routing.EndpointMiddleware (1): Executed endpoint 'HTTP: GET /health'
2026-03-10T08:29:55.3678991+00:00 [Debug] Microsoft.AspNetCore.Server.Kestrel.Connections (9): Connection id "0HNJUFSQJSEP5" completed keep alive response.
2026-03-10T08:29:55.3699802+00:00 [Information] Microsoft.AspNetCore.Hosting.Diagnostics (2): Request finished HTTP/1.1 GET http://127.0.0.1:38741/health - 200 - application/json;+charset=utf-8 105.1885ms
2026-03-10T08:29:55.3747088+00:00 [Debug] Microsoft.AspNetCore.Server.Kestrel.Connections (39): Connection id "0HNJUFSQJSEP6" accepted.
2026-03-10T08:29:55.3750558+00:00 [Debug] Microsoft.AspNetCore.Server.Kestrel.Connections (1): Connection id "0HNJUFSQJSEP6" started.
2026-03-10T08:29:55.3773813+00:00 [Information] Microsoft.AspNetCore.Hosting.Diagnostics (1): Request starting HTTP/1.1 POST http://127.0.0.1:38741/commands/execute - application/json 221
2026-03-10T08:29:55.3787619+00:00 [Debug] Microsoft.AspNetCore.Routing.Matching.DfaMatcher (1001): 1 candidate(s) found for the request path '/commands/execute'
2026-03-10T08:29:55.3790707+00:00 [Debug] Microsoft.AspNetCore.Routing.EndpointRoutingMiddleware (1): Request matched endpoint 'HTTP: POST /commands/execute'
2026-03-10T08:29:55.3804284+00:00 [Information] Microsoft.AspNetCore.Routing.EndpointMiddleware: Executing endpoint 'HTTP: POST /commands/execute'
2026-03-10T08:29:55.3854677+00:00 [Debug] Microsoft.AspNetCore.Server.Kestrel (25): Connection id "0HNJUFSQJSEP6", Request id "0HNJUFSQJSEP6:00000001": started reading request body.
2026-03-10T08:29:55.3858448+00:00 [Debug] Microsoft.AspNetCore.Server.Kestrel (26): Connection id "0HNJUFSQJSEP6", Request id "0HNJUFSQJSEP6:00000001": done reading request body.
2026-03-10T08:29:55.3938228+00:00 [Information] WebBridge.Utility.Api (2102): Executing command kompas-pages/kompas.pages.open-document.
2026-03-10T08:29:55.3958826+00:00 [Information] WebBridge.Utility.Core.CommandDispatcher (1200): Dispatching command kompas-pages/kompas.pages.open-document.
2026-03-10T08:29:56.1843654+00:00 [Information] WebBridge.Utility.Core.CommandDispatcher (1206): Invoke command kompas-pages/kompas.pages.open-document finished. Success=True.
2026-03-10T08:29:56.1947499+00:00 [Information] WebBridge.Utility.Api (2103): Command kompas-pages/kompas.pages.open-document finished. Success=True. ExecutionId=e3799e8eccd14680b5b0a4da032abe91.
2026-03-10T08:29:56.1981553+00:00 [Information] Microsoft.AspNetCore.Http.Result.JsonResult (1): Setting HTTP status code 200.
2026-03-10T08:29:56.1993377+00:00 [Information] Microsoft.AspNetCore.Http.Result.JsonResult (3): Writing value of type 'ApiEnvelope`1' as Json.
2026-03-10T08:29:56.2006396+00:00 [Information] Microsoft.AspNetCore.Routing.EndpointMiddleware (1): Executed endpoint 'HTTP: POST /commands/execute'
2026-03-10T08:29:56.2009224+00:00 [Debug] Microsoft.AspNetCore.Server.Kestrel.Connections (9): Connection id "0HNJUFSQJSEP6" completed keep alive response.
2026-03-10T08:29:56.2012593+00:00 [Information] Microsoft.AspNetCore.Hosting.Diagnostics (2): Request finished HTTP/1.1 POST http://127.0.0.1:38741/commands/execute - 200 - application/json;+charset=utf-8 823.8643ms
2026-03-10T08:29:56.9195483+00:00 [Debug] Microsoft.AspNetCore.Server.Kestrel.Connections (39): Connection id "0HNJUFSQJSEP7" accepted.
2026-03-10T08:29:56.9201919+00:00 [Debug] Microsoft.AspNetCore.Server.Kestrel.Connections (1): Connection id "0HNJUFSQJSEP7" started.
2026-03-10T08:29:56.9207823+00:00 [Information] Microsoft.AspNetCore.Hosting.Diagnostics (1): Request starting HTTP/1.1 OPTIONS http://127.0.0.1:38741/session/register - - -
2026-03-10T08:29:56.9214111+00:00 [Debug] Microsoft.AspNetCore.Routing.Matching.DfaMatcher (1001): 1 candidate(s) found for the request path '/session/register'
2026-03-10T08:29:56.9216821+00:00 [Debug] Microsoft.AspNetCore.Routing.EndpointRoutingMiddleware (1): Request matched endpoint '405 HTTP Method Not Supported'
2026-03-10T08:29:56.9223117+00:00 [Debug] Microsoft.AspNetCore.Server.Kestrel.Connections (9): Connection id "0HNJUFSQJSEP7" completed keep alive response.
2026-03-10T08:29:56.9227392+00:00 [Information] Microsoft.AspNetCore.Hosting.Diagnostics (2): Request finished HTTP/1.1 OPTIONS http://127.0.0.1:38741/session/register - 204 - - 1.9150ms
2026-03-10T08:29:56.9253366+00:00 [Information] Microsoft.AspNetCore.Hosting.Diagnostics (1): Request starting HTTP/1.1 POST http://127.0.0.1:38741/session/register - application/json 76
2026-03-10T08:29:56.9264669+00:00 [Debug] Microsoft.AspNetCore.Routing.Matching.DfaMatcher (1001): 1 candidate(s) found for the request path '/session/register'
2026-03-10T08:29:56.9268004+00:00 [Debug] Microsoft.AspNetCore.Routing.EndpointRoutingMiddleware (1): Request matched endpoint 'HTTP: POST /session/register'
2026-03-10T08:29:56.9272215+00:00 [Information] Microsoft.AspNetCore.Routing.EndpointMiddleware: Executing endpoint 'HTTP: POST /session/register'
2026-03-10T08:29:56.9278532+00:00 [Debug] Microsoft.AspNetCore.Server.Kestrel (25): Connection id "0HNJUFSQJSEP7", Request id "0HNJUFSQJSEP7:00000002": started reading request body.
2026-03-10T08:29:56.9281289+00:00 [Debug] Microsoft.AspNetCore.Server.Kestrel (26): Connection id "0HNJUFSQJSEP7", Request id "0HNJUFSQJSEP7:00000002": done reading request body.
2026-03-10T08:29:56.9308819+00:00 [Information] WebBridge.Utility.Core.SessionManager (1000): Registered session 61da01f6e9a444768cf74af1a9b96eb9 for client kompas-pages-ui.
2026-03-10T08:29:56.9345414+00:00 [Information] WebBridge.Utility.Api (2100): Registered UI session 61da01f6e9a444768cf74af1a9b96eb9 for client kompas-pages-ui. Active sessions: 0.
2026-03-10T08:29:56.9370622+00:00 [Information] Microsoft.AspNetCore.Http.Result.JsonResult (3): Writing value of type 'ApiEnvelope`1' as Json.
2026-03-10T08:29:56.9388198+00:00 [Information] Microsoft.AspNetCore.Routing.EndpointMiddleware (1): Executed endpoint 'HTTP: POST /session/register'
2026-03-10T08:29:56.9391298+00:00 [Debug] Microsoft.AspNetCore.Server.Kestrel.Connections (9): Connection id "0HNJUFSQJSEP7" completed keep alive response.
2026-03-10T08:29:56.9394322+00:00 [Information] Microsoft.AspNetCore.Hosting.Diagnostics (2): Request finished HTTP/1.1 POST http://127.0.0.1:38741/session/register - 200 - application/json;+charset=utf-8 14.0709ms
2026-03-10T08:29:56.9416043+00:00 [Debug] Microsoft.AspNetCore.Server.Kestrel.Connections (39): Connection id "0HNJUFSQJSEP8" accepted.
2026-03-10T08:29:56.9419902+00:00 [Debug] Microsoft.AspNetCore.Server.Kestrel.Connections (1): Connection id "0HNJUFSQJSEP8" started.
2026-03-10T08:29:56.9424807+00:00 [Information] Microsoft.AspNetCore.Hosting.Diagnostics (1): Request starting HTTP/1.1 GET http://127.0.0.1:38741/ws/session?sessionId=61da01f6e9a444768cf74af1a9b96eb9&token=kompas-pages-e2e - - -
2026-03-10T08:29:56.9431683+00:00 [Debug] Microsoft.AspNetCore.Routing.Matching.DfaMatcher (1001): 1 candidate(s) found for the request path '/ws/session'
2026-03-10T08:29:56.9433932+00:00 [Debug] Microsoft.AspNetCore.Routing.EndpointRoutingMiddleware (1): Request matched endpoint '/ws/session'
2026-03-10T08:29:56.9437280+00:00 [Information] Microsoft.AspNetCore.Routing.EndpointMiddleware: Executing endpoint '/ws/session'
2026-03-10T08:29:56.9543212+00:00 [Information] WebBridge.Utility.WebSocket (2105): Accepted WebSocket for session 61da01f6e9a444768cf74af1a9b96eb9.
2026-03-10T08:29:56.9631241+00:00 [Information] WebBridge.Utility.Core.SessionManager (1002): Active session count changed from 0 to 1 for session 61da01f6e9a444768cf74af1a9b96eb9.
2026-03-10T08:29:56.9641163+00:00 [Information] WebBridge.Utility.UtilityBackgroundService (2306): Active UI session count changed to 1.
2026-03-10T08:29:56.9649125+00:00 [Debug] WebBridge.Utility.WebSocket (2106): Received hello for session 61da01f6e9a444768cf74af1a9b96eb9.
2026-03-10T08:29:57.0733268+00:00 [Information] Microsoft.AspNetCore.Hosting.Diagnostics (1): Request starting HTTP/1.1 OPTIONS http://127.0.0.1:38741/commands/execute - - -
2026-03-10T08:29:57.0740690+00:00 [Information] WebBridge.Utility.Core.IdleShutdownSupervisor (1100): Idle shutdown monitoring enabled. Policy=WhenIdle, Timeout=00:03:00.
2026-03-10T08:29:57.0744750+00:00 [Debug] Microsoft.AspNetCore.Routing.Matching.DfaMatcher (1001): 1 candidate(s) found for the request path '/commands/execute'
2026-03-10T08:29:57.0746409+00:00 [Information] WebBridge.Utility.Core.IdleShutdownSupervisor (1101): Idle shutdown cancelled because active sessions are present.
2026-03-10T08:29:57.0748996+00:00 [Debug] Microsoft.AspNetCore.Routing.EndpointRoutingMiddleware (1): Request matched endpoint '405 HTTP Method Not Supported'
2026-03-10T08:29:57.0754172+00:00 [Debug] Microsoft.AspNetCore.Server.Kestrel.Connections (9): Connection id "0HNJUFSQJSEP7" completed keep alive response.
2026-03-10T08:29:57.0757203+00:00 [Information] Microsoft.AspNetCore.Hosting.Diagnostics (2): Request finished HTTP/1.1 OPTIONS http://127.0.0.1:38741/commands/execute - 204 - - 2.3718ms
2026-03-10T08:29:57.0767579+00:00 [Information] Microsoft.AspNetCore.Hosting.Diagnostics (1): Request starting HTTP/1.1 POST http://127.0.0.1:38741/commands/execute - application/json 105
2026-03-10T08:29:57.0770677+00:00 [Debug] Microsoft.AspNetCore.Routing.Matching.DfaMatcher (1001): 1 candidate(s) found for the request path '/commands/execute'
2026-03-10T08:29:57.0773440+00:00 [Debug] Microsoft.AspNetCore.Routing.EndpointRoutingMiddleware (1): Request matched endpoint 'HTTP: POST /commands/execute'
2026-03-10T08:29:57.0776152+00:00 [Information] Microsoft.AspNetCore.Routing.EndpointMiddleware: Executing endpoint 'HTTP: POST /commands/execute'
2026-03-10T08:29:57.0778772+00:00 [Debug] Microsoft.AspNetCore.Server.Kestrel (25): Connection id "0HNJUFSQJSEP7", Request id "0HNJUFSQJSEP7:00000004": started reading request body.
2026-03-10T08:29:57.0780546+00:00 [Debug] Microsoft.AspNetCore.Server.Kestrel (26): Connection id "0HNJUFSQJSEP7", Request id "0HNJUFSQJSEP7:00000004": done reading request body.
2026-03-10T08:29:57.0783541+00:00 [Information] WebBridge.Utility.Api (2102): Executing command kompas-pages/kompas.pages.status.
2026-03-10T08:29:57.0786463+00:00 [Information] WebBridge.Utility.Core.CommandDispatcher (1200): Dispatching command kompas-pages/kompas.pages.status.
2026-03-10T08:29:57.8308871+00:00 [Information] WebBridge.Utility.Core.CommandDispatcher (1206): Invoke command kompas-pages/kompas.pages.status finished. Success=True.
2026-03-10T08:29:57.8323584+00:00 [Information] WebBridge.Utility.Api (2103): Command kompas-pages/kompas.pages.status finished. Success=True. ExecutionId=cf6ad0d8bc3e4eb9a8bd92422cfaa321.
2026-03-10T08:29:57.8327221+00:00 [Information] Microsoft.AspNetCore.Http.Result.JsonResult (1): Setting HTTP status code 200.
2026-03-10T08:29:57.8330050+00:00 [Information] Microsoft.AspNetCore.Http.Result.JsonResult (3): Writing value of type 'ApiEnvelope`1' as Json.
2026-03-10T08:29:57.8333525+00:00 [Information] Microsoft.AspNetCore.Routing.EndpointMiddleware (1): Executed endpoint 'HTTP: POST /commands/execute'
2026-03-10T08:29:57.8335646+00:00 [Debug] Microsoft.AspNetCore.Server.Kestrel.Connections (9): Connection id "0HNJUFSQJSEP7" completed keep alive response.
2026-03-10T08:29:57.8338625+00:00 [Information] Microsoft.AspNetCore.Hosting.Diagnostics (2): Request finished HTTP/1.1 POST http://127.0.0.1:38741/commands/execute - 200 - application/json;+charset=utf-8 757.0392ms
2026-03-10T08:29:58.6263616+00:00 [Information] Microsoft.AspNetCore.Hosting.Diagnostics (1): Request starting HTTP/1.1 POST http://127.0.0.1:38741/commands/execute - application/json 1415
2026-03-10T08:29:58.6267369+00:00 [Debug] Microsoft.AspNetCore.Routing.Matching.DfaMatcher (1001): 1 candidate(s) found for the request path '/commands/execute'
2026-03-10T08:29:58.6270349+00:00 [Debug] Microsoft.AspNetCore.Routing.EndpointRoutingMiddleware (1): Request matched endpoint 'HTTP: POST /commands/execute'
2026-03-10T08:29:58.6272913+00:00 [Information] Microsoft.AspNetCore.Routing.EndpointMiddleware: Executing endpoint 'HTTP: POST /commands/execute'
2026-03-10T08:29:58.6275260+00:00 [Debug] Microsoft.AspNetCore.Server.Kestrel (25): Connection id "0HNJUFSQJSEP7", Request id "0HNJUFSQJSEP7:00000005": started reading request body.
2026-03-10T08:29:58.6277217+00:00 [Debug] Microsoft.AspNetCore.Server.Kestrel (26): Connection id "0HNJUFSQJSEP7", Request id "0HNJUFSQJSEP7:00000005": done reading request body.
2026-03-10T08:29:58.6281182+00:00 [Information] WebBridge.Utility.Api (2102): Executing command kompas-pages/kompas.pages.export.
2026-03-10T08:29:58.6283392+00:00 [Information] WebBridge.Utility.Core.CommandDispatcher (1200): Dispatching command kompas-pages/kompas.pages.export.
2026-03-10T08:29:59.3840582+00:00 [Debug] Microsoft.AspNetCore.Server.Kestrel.Transport.Sockets (6): Connection id "0HNJUFSQJSEP5" received FIN.
2026-03-10T08:29:59.3846992+00:00 [Debug] Microsoft.AspNetCore.Server.Kestrel.Transport.Sockets (7): Connection id "0HNJUFSQJSEP5" sending FIN because: "The Socket transport's send loop completed gracefully."
2026-03-10T08:29:59.3851705+00:00 [Debug] Microsoft.AspNetCore.Server.Kestrel.Connections (10): Connection id "0HNJUFSQJSEP5" disconnecting.
2026-03-10T08:29:59.3861580+00:00 [Debug] Microsoft.AspNetCore.Server.Kestrel.Connections (2): Connection id "0HNJUFSQJSEP5" stopped.
2026-03-10T08:30:00.2170899+00:00 [Debug] Microsoft.AspNetCore.Server.Kestrel.Transport.Sockets (6): Connection id "0HNJUFSQJSEP6" received FIN.
2026-03-10T08:30:00.2175764+00:00 [Debug] Microsoft.AspNetCore.Server.Kestrel.Connections (10): Connection id "0HNJUFSQJSEP6" disconnecting.
2026-03-10T08:30:00.2178962+00:00 [Debug] Microsoft.AspNetCore.Server.Kestrel.Transport.Sockets (7): Connection id "0HNJUFSQJSEP6" sending FIN because: "The Socket transport's send loop completed gracefully."
2026-03-10T08:30:00.2328539+00:00 [Debug] Microsoft.AspNetCore.Server.Kestrel.Connections (2): Connection id "0HNJUFSQJSEP6" stopped.
2026-03-10T08:30:00.5639137+00:00 [Information] WebBridge.Utility.Core.CommandDispatcher (1206): Invoke command kompas-pages/kompas.pages.export finished. Success=True.
2026-03-10T08:30:00.5648450+00:00 [Information] WebBridge.Utility.Api (2103): Command kompas-pages/kompas.pages.export finished. Success=True. ExecutionId=5c4a3ae1e268496dbd79d83592b06962.
2026-03-10T08:30:00.5651247+00:00 [Information] Microsoft.AspNetCore.Http.Result.JsonResult (1): Setting HTTP status code 200.
2026-03-10T08:30:00.5654179+00:00 [Information] Microsoft.AspNetCore.Http.Result.JsonResult (3): Writing value of type 'ApiEnvelope`1' as Json.
2026-03-10T08:30:00.5658778+00:00 [Information] Microsoft.AspNetCore.Routing.EndpointMiddleware (1): Executed endpoint 'HTTP: POST /commands/execute'
2026-03-10T08:30:00.5661292+00:00 [Debug] Microsoft.AspNetCore.Server.Kestrel.Connections (9): Connection id "0HNJUFSQJSEP7" completed keep alive response.
2026-03-10T08:30:00.5664172+00:00 [Information] Microsoft.AspNetCore.Hosting.Diagnostics (2): Request finished HTTP/1.1 POST http://127.0.0.1:38741/commands/execute - 200 - application/json;+charset=utf-8 1940.0398ms
2026-03-10T08:30:00.5683206+00:00 [Information] Microsoft.AspNetCore.Hosting.Diagnostics (1): Request starting HTTP/1.1 POST http://127.0.0.1:38741/commands/execute - application/json 196
2026-03-10T08:30:00.5686724+00:00 [Debug] Microsoft.AspNetCore.Routing.Matching.DfaMatcher (1001): 1 candidate(s) found for the request path '/commands/execute'
2026-03-10T08:30:00.5689351+00:00 [Debug] Microsoft.AspNetCore.Routing.EndpointRoutingMiddleware (1): Request matched endpoint 'HTTP: POST /commands/execute'
2026-03-10T08:30:00.5692240+00:00 [Information] Microsoft.AspNetCore.Routing.EndpointMiddleware: Executing endpoint 'HTTP: POST /commands/execute'
2026-03-10T08:30:00.5694460+00:00 [Debug] Microsoft.AspNetCore.Server.Kestrel (25): Connection id "0HNJUFSQJSEP7", Request id "0HNJUFSQJSEP7:00000006": started reading request body.
2026-03-10T08:30:00.5696928+00:00 [Debug] Microsoft.AspNetCore.Server.Kestrel (26): Connection id "0HNJUFSQJSEP7", Request id "0HNJUFSQJSEP7:00000006": done reading request body.
2026-03-10T08:30:00.5699512+00:00 [Information] WebBridge.Utility.Api (2102): Executing command kompas-pages/system.file.exists.
2026-03-10T08:30:00.5701955+00:00 [Information] WebBridge.Utility.Core.CommandDispatcher (1200): Dispatching command kompas-pages/system.file.exists.
2026-03-10T08:30:00.5741724+00:00 [Information] WebBridge.Utility.Core.CommandDispatcher (1206): Invoke command kompas-pages/system.file.exists finished. Success=True.
2026-03-10T08:30:00.5745765+00:00 [Information] WebBridge.Utility.Api (2103): Command kompas-pages/system.file.exists finished. Success=True. ExecutionId=570ffaa21a8246cda0aea418ddaad53d.
2026-03-10T08:30:00.5747763+00:00 [Information] Microsoft.AspNetCore.Http.Result.JsonResult (1): Setting HTTP status code 200.
2026-03-10T08:30:00.5750057+00:00 [Information] Microsoft.AspNetCore.Http.Result.JsonResult (3): Writing value of type 'ApiEnvelope`1' as Json.
2026-03-10T08:30:00.5754077+00:00 [Information] Microsoft.AspNetCore.Routing.EndpointMiddleware (1): Executed endpoint 'HTTP: POST /commands/execute'
2026-03-10T08:30:00.5757015+00:00 [Debug] Microsoft.AspNetCore.Server.Kestrel.Connections (9): Connection id "0HNJUFSQJSEP7" completed keep alive response.
2026-03-10T08:30:00.5759720+00:00 [Information] Microsoft.AspNetCore.Hosting.Diagnostics (2): Request finished HTTP/1.1 POST http://127.0.0.1:38741/commands/execute - 200 - application/json;+charset=utf-8 7.6395ms
2026-03-10T08:30:00.5777316+00:00 [Information] Microsoft.AspNetCore.Hosting.Diagnostics (1): Request starting HTTP/1.1 POST http://127.0.0.1:38741/commands/execute - application/json 200
2026-03-10T08:30:00.5780033+00:00 [Debug] Microsoft.AspNetCore.Routing.Matching.DfaMatcher (1001): 1 candidate(s) found for the request path '/commands/execute'
2026-03-10T08:30:00.5781604+00:00 [Debug] Microsoft.AspNetCore.Routing.EndpointRoutingMiddleware (1): Request matched endpoint 'HTTP: POST /commands/execute'
2026-03-10T08:30:00.5783704+00:00 [Information] Microsoft.AspNetCore.Routing.EndpointMiddleware: Executing endpoint 'HTTP: POST /commands/execute'
2026-03-10T08:30:00.5785986+00:00 [Debug] Microsoft.AspNetCore.Server.Kestrel (25): Connection id "0HNJUFSQJSEP7", Request id "0HNJUFSQJSEP7:00000007": started reading request body.
2026-03-10T08:30:00.5787923+00:00 [Debug] Microsoft.AspNetCore.Server.Kestrel (26): Connection id "0HNJUFSQJSEP7", Request id "0HNJUFSQJSEP7:00000007": done reading request body.
2026-03-10T08:30:00.5790666+00:00 [Information] WebBridge.Utility.Api (2102): Executing command kompas-pages/system.file.read-bytes.
2026-03-10T08:30:00.5792274+00:00 [Information] WebBridge.Utility.Core.CommandDispatcher (1200): Dispatching command kompas-pages/system.file.read-bytes.
2026-03-10T08:30:00.6040487+00:00 [Information] WebBridge.Utility.Core.CommandDispatcher (1206): Invoke command kompas-pages/system.file.read-bytes finished. Success=True.
2026-03-10T08:30:00.6089056+00:00 [Information] WebBridge.Utility.Api (2103): Command kompas-pages/system.file.read-bytes finished. Success=True. ExecutionId=971fa16cc1da45d9bfdb1e63be9119cd.
2026-03-10T08:30:00.6092071+00:00 [Information] Microsoft.AspNetCore.Http.Result.JsonResult (1): Setting HTTP status code 200.
2026-03-10T08:30:00.6094498+00:00 [Information] Microsoft.AspNetCore.Http.Result.JsonResult (3): Writing value of type 'ApiEnvelope`1' as Json.
2026-03-10T08:30:00.6156771+00:00 [Information] Microsoft.AspNetCore.Routing.EndpointMiddleware (1): Executed endpoint 'HTTP: POST /commands/execute'
2026-03-10T08:30:00.6163340+00:00 [Debug] Microsoft.AspNetCore.Server.Kestrel.Connections (9): Connection id "0HNJUFSQJSEP7" completed keep alive response.
2026-03-10T08:30:00.6166792+00:00 [Information] Microsoft.AspNetCore.Hosting.Diagnostics (2): Request finished HTTP/1.1 POST http://127.0.0.1:38741/commands/execute - 200 - application/json;+charset=utf-8 38.9521ms
2026-03-10T08:30:00.6204112+00:00 [Information] Microsoft.AspNetCore.Hosting.Diagnostics (1): Request starting HTTP/1.1 POST http://127.0.0.1:38741/commands/execute - application/json 105
2026-03-10T08:30:00.6207766+00:00 [Debug] Microsoft.AspNetCore.Routing.Matching.DfaMatcher (1001): 1 candidate(s) found for the request path '/commands/execute'
2026-03-10T08:30:00.6211078+00:00 [Debug] Microsoft.AspNetCore.Routing.EndpointRoutingMiddleware (1): Request matched endpoint 'HTTP: POST /commands/execute'
2026-03-10T08:30:00.6213500+00:00 [Information] Microsoft.AspNetCore.Routing.EndpointMiddleware: Executing endpoint 'HTTP: POST /commands/execute'
2026-03-10T08:30:00.6215499+00:00 [Debug] Microsoft.AspNetCore.Server.Kestrel (25): Connection id "0HNJUFSQJSEP7", Request id "0HNJUFSQJSEP7:00000008": started reading request body.
2026-03-10T08:30:00.6217269+00:00 [Debug] Microsoft.AspNetCore.Server.Kestrel (26): Connection id "0HNJUFSQJSEP7", Request id "0HNJUFSQJSEP7:00000008": done reading request body.
2026-03-10T08:30:00.6219883+00:00 [Information] WebBridge.Utility.Api (2102): Executing command kompas-pages/kompas.pages.status.
2026-03-10T08:30:00.6223454+00:00 [Information] WebBridge.Utility.Core.CommandDispatcher (1200): Dispatching command kompas-pages/kompas.pages.status.
2026-03-10T08:30:01.4008119+00:00 [Information] WebBridge.Utility.Core.CommandDispatcher (1206): Invoke command kompas-pages/kompas.pages.status finished. Success=True.
2026-03-10T08:30:01.4016345+00:00 [Information] WebBridge.Utility.Api (2103): Command kompas-pages/kompas.pages.status finished. Success=True. ExecutionId=485f88d3343649f983c62b6cd1537215.
2026-03-10T08:30:01.4019089+00:00 [Information] Microsoft.AspNetCore.Http.Result.JsonResult (1): Setting HTTP status code 200.
2026-03-10T08:30:01.4021141+00:00 [Information] Microsoft.AspNetCore.Http.Result.JsonResult (3): Writing value of type 'ApiEnvelope`1' as Json.
2026-03-10T08:30:01.4023958+00:00 [Information] Microsoft.AspNetCore.Routing.EndpointMiddleware (1): Executed endpoint 'HTTP: POST /commands/execute'
2026-03-10T08:30:01.4026804+00:00 [Debug] Microsoft.AspNetCore.Server.Kestrel.Connections (9): Connection id "0HNJUFSQJSEP7" completed keep alive response.
2026-03-10T08:30:01.4029780+00:00 [Information] Microsoft.AspNetCore.Hosting.Diagnostics (2): Request finished HTTP/1.1 POST http://127.0.0.1:38741/commands/execute - 200 - application/json;+charset=utf-8 782.5395ms
2026-03-10T08:30:01.4168077+00:00 [Debug] Microsoft.AspNetCore.Server.Kestrel.Transport.Sockets (6): Connection id "0HNJUFSQJSEP8" received FIN.
2026-03-10T08:30:01.4172555+00:00 [Debug] Microsoft.AspNetCore.Server.Kestrel.Transport.Sockets (7): Connection id "0HNJUFSQJSEP8" sending FIN because: "The Socket transport's send loop completed gracefully."
2026-03-10T08:30:01.4175835+00:00 [Debug] Microsoft.AspNetCore.Server.Kestrel.Connections (10): Connection id "0HNJUFSQJSEP8" disconnecting.
2026-03-10T08:30:01.4193292+00:00 [Information] WebBridge.Utility.Core.SessionManager (1002): Active session count changed from 1 to 0 for session 61da01f6e9a444768cf74af1a9b96eb9.
2026-03-10T08:30:01.4196934+00:00 [Information] WebBridge.Utility.UtilityBackgroundService (2306): Active UI session count changed to 0.
2026-03-10T08:30:01.4246533+00:00 [Information] WebBridge.Utility.Core.IdleShutdownSupervisor (1103): Idle shutdown countdown armed for 03/10/2026 08:33:01 +00:00.
2026-03-10T08:30:01.4250630+00:00 [Information] WebBridge.Utility.WebSocket (2108): Closed WebSocket for session 61da01f6e9a444768cf74af1a9b96eb9.
2026-03-10T08:30:01.4252631+00:00 [Information] Microsoft.AspNetCore.Routing.EndpointMiddleware (1): Executed endpoint '/ws/session'
2026-03-10T08:30:01.4255081+00:00 [Information] Microsoft.AspNetCore.Hosting.Diagnostics (2): Request finished HTTP/1.1 GET http://127.0.0.1:38741/ws/session?sessionId=61da01f6e9a444768cf74af1a9b96eb9&token=kompas-pages-e2e - 101 - - 4483.0075ms
2026-03-10T08:30:01.4257067+00:00 [Debug] Microsoft.AspNetCore.Server.Kestrel.Connections (2): Connection id "0HNJUFSQJSEP8" stopped.
2026-03-10T08:30:01.5006556+00:00 [Debug] Microsoft.AspNetCore.Server.Kestrel.Transport.Sockets (6): Connection id "0HNJUFSQJSEP7" received FIN.
2026-03-10T08:30:01.5017370+00:00 [Debug] Microsoft.AspNetCore.Server.Kestrel.Transport.Sockets (7): Connection id "0HNJUFSQJSEP7" sending FIN because: "The Socket transport's send loop completed gracefully."
2026-03-10T08:30:01.5032181+00:00 [Debug] Microsoft.AspNetCore.Server.Kestrel.Connections (10): Connection id "0HNJUFSQJSEP7" disconnecting.
2026-03-10T08:30:01.5045295+00:00 [Debug] Microsoft.AspNetCore.Server.Kestrel.Connections (2): Connection id "0HNJUFSQJSEP7" stopped.
